c:\caffe\games\gnugo-3.8\engine\debug\aftermath.obj
c:\caffe\games\gnugo-3.8\engine\debug\board.obj
c:\caffe\games\gnugo-3.8\engine\debug\boardlib.obj
c:\caffe\games\gnugo-3.8\engine\debug\breakin.obj
c:\caffe\games\gnugo-3.8\engine\debug\cache.obj
c:\caffe\games\gnugo-3.8\engine\debug\clock.obj
c:\caffe\games\gnugo-3.8\engine\debug\combination.obj
c:\caffe\games\gnugo-3.8\engine\debug\dragon.obj
c:\caffe\games\gnugo-3.8\engine\debug\endgame.obj
c:\caffe\games\gnugo-3.8\engine\debug\filllib.obj
c:\caffe\games\gnugo-3.8\engine\debug\fuseki.obj
c:\caffe\games\gnugo-3.8\engine\debug\genmove.obj
c:\caffe\games\gnugo-3.8\engine\debug\globals.obj
c:\caffe\games\gnugo-3.8\engine\debug\handicap.obj
c:\caffe\games\gnugo-3.8\engine\debug\hash.obj
c:\caffe\games\gnugo-3.8\engine\debug\influence.obj
c:\caffe\games\gnugo-3.8\engine\debug\interface.obj
c:\caffe\games\gnugo-3.8\engine\debug\matchpat.obj
c:\caffe\games\gnugo-3.8\engine\debug\montecarlo.obj
c:\caffe\games\gnugo-3.8\engine\debug\movelist.obj
c:\caffe\games\gnugo-3.8\engine\debug\move_reasons.obj
c:\caffe\games\gnugo-3.8\engine\debug\optics.obj
c:\caffe\games\gnugo-3.8\engine\debug\owl.obj
c:\caffe\games\gnugo-3.8\engine\debug\persistent.obj
c:\caffe\games\gnugo-3.8\engine\debug\printutils.obj
c:\caffe\games\gnugo-3.8\engine\debug\readconnect.obj
c:\caffe\games\gnugo-3.8\engine\debug\reading.obj
c:\caffe\games\gnugo-3.8\engine\debug\semeai.obj
c:\caffe\games\gnugo-3.8\engine\debug\sgfdecide.obj
c:\caffe\games\gnugo-3.8\engine\debug\sgffile.obj
c:\caffe\games\gnugo-3.8\engine\debug\shapes.obj
c:\caffe\games\gnugo-3.8\engine\debug\showbord.obj
c:\caffe\games\gnugo-3.8\engine\debug\surround.obj
c:\caffe\games\gnugo-3.8\engine\debug\unconditional.obj
c:\caffe\games\gnugo-3.8\engine\debug\utils.obj
c:\caffe\games\gnugo-3.8\engine\debug\value_moves.obj
c:\caffe\games\gnugo-3.8\engine\debug\worm.obj
c:\caffe\games\gnugo-3.8\engine\debug\engine.idb
c:\caffe\games\gnugo-3.8\engine\debug\engine.pdb
c:\caffe\games\gnugo-3.8\engine\debug\engine.bsc
c:\caffe\games\gnugo-3.8\engine\debug\aftermath.sbr
c:\caffe\games\gnugo-3.8\engine\debug\board.sbr
c:\caffe\games\gnugo-3.8\engine\debug\boardlib.sbr
c:\caffe\games\gnugo-3.8\engine\debug\breakin.sbr
c:\caffe\games\gnugo-3.8\engine\debug\cache.sbr
c:\caffe\games\gnugo-3.8\engine\debug\clock.sbr
c:\caffe\games\gnugo-3.8\engine\debug\combination.sbr
c:\caffe\games\gnugo-3.8\engine\debug\dragon.sbr
c:\caffe\games\gnugo-3.8\engine\debug\endgame.sbr
c:\caffe\games\gnugo-3.8\engine\debug\filllib.sbr
c:\caffe\games\gnugo-3.8\engine\debug\fuseki.sbr
c:\caffe\games\gnugo-3.8\engine\debug\genmove.sbr
c:\caffe\games\gnugo-3.8\engine\debug\globals.sbr
c:\caffe\games\gnugo-3.8\engine\debug\handicap.sbr
c:\caffe\games\gnugo-3.8\engine\debug\hash.sbr
c:\caffe\games\gnugo-3.8\engine\debug\influence.sbr
c:\caffe\games\gnugo-3.8\engine\debug\interface.sbr
c:\caffe\games\gnugo-3.8\engine\debug\matchpat.sbr
c:\caffe\games\gnugo-3.8\engine\debug\montecarlo.sbr
c:\caffe\games\gnugo-3.8\engine\debug\movelist.sbr
c:\caffe\games\gnugo-3.8\engine\debug\move_reasons.sbr
c:\caffe\games\gnugo-3.8\engine\debug\optics.sbr
c:\caffe\games\gnugo-3.8\engine\debug\owl.sbr
c:\caffe\games\gnugo-3.8\engine\debug\persistent.sbr
c:\caffe\games\gnugo-3.8\engine\debug\printutils.sbr
c:\caffe\games\gnugo-3.8\engine\debug\readconnect.sbr
c:\caffe\games\gnugo-3.8\engine\debug\reading.sbr
c:\caffe\games\gnugo-3.8\engine\debug\semeai.sbr
c:\caffe\games\gnugo-3.8\engine\debug\sgfdecide.sbr
c:\caffe\games\gnugo-3.8\engine\debug\sgffile.sbr
c:\caffe\games\gnugo-3.8\engine\debug\shapes.sbr
c:\caffe\games\gnugo-3.8\engine\debug\showbord.sbr
c:\caffe\games\gnugo-3.8\engine\debug\surround.sbr
c:\caffe\games\gnugo-3.8\engine\debug\unconditional.sbr
c:\caffe\games\gnugo-3.8\engine\debug\utils.sbr
c:\caffe\games\gnugo-3.8\engine\debug\value_moves.sbr
c:\caffe\games\gnugo-3.8\engine\debug\worm.sbr
c:\caffe\games\gnugo-3.8\engine\.\debug\board.lib
